{"uid":"51b33de78c8eb973","name":"createBranchTest","fullName":"org.cvs.tests.BranchTest.createBranchTest","historyId":"e68b052874678f11b3acf3e3aa4fae08","time":{"start":1733672638669,"stop":1733672638670,"duration":1},"description":"Create new branch and validate","descriptionHtml":"<p>Create new branch and validate</p>\n","status":"skipped","statusMessage":"org.cvs.tests.BranchTest expected <true> but was <false> within 30 seconds.","statusTrace":"org.awaitility.core.ConditionTimeoutException: org.cvs.tests.BranchTest expected <true> but was <false> within 30 seconds.\n\tat org.awaitility.core.ConditionAwaiter.await(ConditionAwaiter.java:167)\n\tat org.awaitility.core.AbstractHamcrestCondition.await(AbstractHamcrestCondition.java:86)\n\tat org.awaitility.core.ConditionFactory.until(ConditionFactory.java:985)\n\tat org.awaitility.core.ConditionFactory.until(ConditionFactory.java:691)\n\tat org.cvs.utilities.PollerUtility.waiter(PollerUtility.java:19)\n\tat org.cvs.tests.BranchTest.loginAndGetCookie(BranchTest.java:27)\n\tat java.base/jdk.internal.reflect.NativeMethodAccessorImpl.invoke0(Native Method)\n\tat java.base/jdk.internal.reflect.NativeMethodAccessorImpl.invoke(NativeMethodAccessorImpl.java:77)\n\tat java.base/jdk.internal.reflect.DelegatingMethodAccessorImpl.invoke(DelegatingMethodAccessorImpl.java:43)\n\tat java.base/java.lang.reflect.Method.invoke(Method.java:569)\n\tat org.testng.internal.invokers.MethodInvocationHelper.invokeMethod(MethodInvocationHelper.java:141)\n\tat org.testng.internal.invokers.MethodInvocationHelper.invokeMethodConsideringTimeout(MethodInvocationHelper.java:71)\n\tat org.testng.internal.invokers.ConfigInvoker.invokeConfigurationMethod(ConfigInvoker.java:400)\n\tat org.testng.internal.invokers.ConfigInvoker.invokeConfigurations(ConfigInvoker.java:333)\n\tat org.testng.internal.invokers.TestInvoker.runConfigMethods(TestInvoker.java:833)\n\tat org.testng.internal.invokers.TestInvoker.invokeMethod(TestInvoker.java:600)\n\tat org.testng.internal.invokers.TestInvoker.invokeTestMethod(TestInvoker.java:230)\n\tat org.testng.internal.invokers.MethodRunner.runInSequence(MethodRunner.java:63)\n\tat org.testng.internal.invokers.TestInvoker$MethodInvocationAgent.invoke(TestInvoker.java:992)\n\tat org.testng.internal.invokers.TestInvoker.invokeTestMethods(TestInvoker.java:203)\n\tat org.testng.internal.invokers.TestMethodWorker.invokeTestMethods(TestMethodWorker.java:154)\n\tat org.testng.internal.invokers.TestMethodWorker.run(TestMethodWorker.java:134)\n\tat java.base/java.util.concurrent.Executors$RunnableAdapter.call(Executors.java:539)\n\tat java.base/java.util.concurrent.FutureTask.run(FutureTask.java:264)\n\tat org.testng.internal.thread.graph.TestNGFutureTask.run(TestNGFutureTask.java:22)\n\tat java.base/java.util.concurrent.ThreadPoolExecutor.runWorker(ThreadPoolExecutor.java:1136)\n\tat java.base/java.util.concurrent.ThreadPoolExecutor$Worker.run(ThreadPoolExecutor.java:635)\n\tat java.base/java.lang.Thread.run(Thread.java:840)\n","flaky":false,"newFailed":false,"newBroken":false,"newPassed":false,"retriesCount":0,"retriesStatusChange":false,"beforeStages":[{"name":"loginAndGetCookie","time":{"start":1733672608412,"stop":1733672638664,"duration":30252},"description":"","status":"broken","statusMessage":"org.cvs.tests.BranchTest expected <true> but was <false> within 30 seconds.","statusTrace":"org.awaitility.core.ConditionTimeoutException: org.cvs.tests.BranchTest expected <true> but was <false> within 30 seconds.\n\tat org.awaitility.core.ConditionAwaiter.await(ConditionAwaiter.java:167)\n\tat org.awaitility.core.AbstractHamcrestCondition.await(AbstractHamcrestCondition.java:86)\n\tat org.awaitility.core.ConditionFactory.until(ConditionFactory.java:985)\n\tat org.awaitility.core.ConditionFactory.until(ConditionFactory.java:691)\n\tat org.cvs.utilities.PollerUtility.waiter(PollerUtility.java:19)\n\tat org.cvs.tests.BranchTest.loginAndGetCookie(BranchTest.java:27)\n\tat java.base/jdk.internal.reflect.NativeMethodAccessorImpl.invoke0(Native Method)\n\tat java.base/jdk.internal.reflect.NativeMethodAccessorImpl.invoke(NativeMethodAccessorImpl.java:77)\n\tat java.base/jdk.internal.reflect.DelegatingMethodAccessorImpl.invoke(DelegatingMethodAccessorImpl.java:43)\n\tat java.base/java.lang.reflect.Method.invoke(Method.java:569)\n\tat org.testng.internal.invokers.MethodInvocationHelper.invokeMethod(MethodInvocationHelper.java:141)\n\tat org.testng.internal.invokers.MethodInvocationHelper.invokeMethodConsideringTimeout(MethodInvocationHelper.java:71)\n\tat org.testng.internal.invokers.ConfigInvoker.invokeConfigurationMethod(ConfigInvoker.java:400)\n\tat org.testng.internal.invokers.ConfigInvoker.invokeConfigurations(ConfigInvoker.java:333)\n\tat org.testng.internal.invokers.TestInvoker.runConfigMethods(TestInvoker.java:833)\n\tat org.testng.internal.invokers.TestInvoker.invokeMethod(TestInvoker.java:600)\n\tat org.testng.internal.invokers.TestInvoker.invokeTestMethod(TestInvoker.java:230)\n\tat org.testng.internal.invokers.MethodRunner.runInSequence(MethodRunner.java:63)\n\tat org.testng.internal.invokers.TestInvoker$MethodInvocationAgent.invoke(TestInvoker.java:992)\n\tat org.testng.internal.invokers.TestInvoker.invokeTestMethods(TestInvoker.java:203)\n\tat org.testng.internal.invokers.TestMethodWorker.invokeTestMethods(TestMethodWorker.java:154)\n\tat org.testng.internal.invokers.TestMethodWorker.run(TestMethodWorker.java:134)\n\tat java.base/java.util.concurrent.Executors$RunnableAdapter.call(Executors.java:539)\n\tat java.base/java.util.concurrent.FutureTask.run(FutureTask.java:264)\n\tat org.testng.internal.thread.graph.TestNGFutureTask.run(TestNGFutureTask.java:22)\n\tat java.base/java.util.concurrent.ThreadPoolExecutor.runWorker(ThreadPoolExecutor.java:1136)\n\tat java.base/java.util.concurrent.ThreadPoolExecutor$Worker.run(ThreadPoolExecutor.java:635)\n\tat java.base/java.lang.Thread.run(Thread.java:840)\n","steps":[],"attachments":[],"parameters":[],"shouldDisplayMessage":true,"stepsCount":0,"attachmentsCount":0,"hasContent":true}],"afterStages":[{"name":"tearDown","time":{"start":1733672638671,"stop":1733672638671,"duration":0},"description":"","status":"passed","steps":[],"attachments":[{"uid":"c210adb480f2e384","name":"screenshot","source":"c210adb480f2e384.txt","type":"image/png","size":4}],"parameters":[],"shouldDisplayMessage":false,"stepsCount":0,"attachmentsCount":1,"hasContent":true}],"labels":[{"name":"package","value":"org.cvs.tests.BranchTest"},{"name":"testClass","value":"org.cvs.tests.BranchTest"},{"name":"testMethod","value":"createBranchTest"},{"name":"parentSuite","value":"VCS TESTS"},{"name":"suite","value":"UI POSITIVE"},{"name":"subSuite","value":"org.cvs.tests.BranchTest"},{"name":"host","value":"fv-az1986-882"},{"name":"thread","value":"2229@fv-az1986-882.TestNG-test-UI POSITIVE-1(21)"},{"name":"framework","value":"testng"},{"name":"language","value":"java"},{"name":"epic","value":"VCS UI TESTS"},{"name":"feature","value":"BRANCH FEATURES"},{"name":"resultFormat","value":"allure2"}],"parameters":[],"links":[],"hidden":false,"retry":false,"extra":{"severity":"normal","retries":[],"categories":[],"tags":[]},"source":"51b33de78c8eb973.json","parameterValues":[]}