{"uid":"79e8be55ffaac957","name":"createBranchTest","fullName":"org.cvs.tests.BranchTest.createBranchTest","historyId":"e68b052874678f11b3acf3e3aa4fae08","time":{"start":1733675611408,"stop":1733675611408,"duration":0},"description":"Create new branch and validate","descriptionHtml":"<p>Create new branch and validate</p>\n","status":"skipped","statusMessage":"org.cvs.tests.BranchTest$$Lambda/0x00007f8f606a4c18 expected <true> but was <false> within 30 seconds.","statusTrace":"org.awaitility.core.ConditionTimeoutException: org.cvs.tests.BranchTest$$Lambda/0x00007f8f606a4c18 expected <true> but was <false> within 30 seconds.\n\tat org.awaitility.core.ConditionAwaiter.await(ConditionAwaiter.java:167)\n\tat org.awaitility.core.AbstractHamcrestCondition.await(AbstractHamcrestCondition.java:86)\n\tat org.awaitility.core.ConditionFactory.until(ConditionFactory.java:985)\n\tat org.awaitility.core.ConditionFactory.until(ConditionFactory.java:691)\n\tat org.cvs.utilities.PollerUtility.waiter(PollerUtility.java:19)\n\tat org.cvs.tests.BranchTest.loginAndGetCookie(BranchTest.java:27)\n\tat java.base/jdk.internal.reflect.DirectMethodHandleAccessor.invoke(DirectMethodHandleAccessor.java:103)\n\tat java.base/java.lang.reflect.Method.invoke(Method.java:580)\n\tat org.testng.internal.invokers.MethodInvocationHelper.invokeMethod(MethodInvocationHelper.java:141)\n\tat org.testng.internal.invokers.MethodInvocationHelper.invokeMethodConsideringTimeout(MethodInvocationHelper.java:71)\n\tat org.testng.internal.invokers.ConfigInvoker.invokeConfigurationMethod(ConfigInvoker.java:400)\n\tat org.testng.internal.invokers.ConfigInvoker.invokeConfigurations(ConfigInvoker.java:333)\n\tat org.testng.internal.invokers.TestInvoker.runConfigMethods(TestInvoker.java:833)\n\tat org.testng.internal.invokers.TestInvoker.invokeMethod(TestInvoker.java:600)\n\tat org.testng.internal.invokers.TestInvoker.invokeTestMethod(TestInvoker.java:230)\n\tat org.testng.internal.invokers.MethodRunner.runInSequence(MethodRunner.java:63)\n\tat org.testng.internal.invokers.TestInvoker$MethodInvocationAgent.invoke(TestInvoker.java:992)\n\tat org.testng.internal.invokers.TestInvoker.invokeTestMethods(TestInvoker.java:203)\n\tat org.testng.internal.invokers.TestMethodWorker.invokeTestMethods(TestMethodWorker.java:154)\n\tat org.testng.internal.invokers.TestMethodWorker.run(TestMethodWorker.java:134)\n\tat java.base/java.util.concurrent.Executors$RunnableAdapter.call(Executors.java:572)\n\tat java.base/java.util.concurrent.FutureTask.run(FutureTask.java:317)\n\tat org.testng.internal.thread.graph.TestNGFutureTask.run(TestNGFutureTask.java:22)\n\tat java.base/java.util.concurrent.ThreadPoolExecutor.runWorker(ThreadPoolExecutor.java:1144)\n\tat java.base/java.util.concurrent.ThreadPoolExecutor$Worker.run(ThreadPoolExecutor.java:642)\n\tat java.base/java.lang.Thread.run(Thread.java:1583)\n","flaky":false,"newFailed":false,"newBroken":false,"newPassed":false,"retriesCount":0,"retriesStatusChange":false,"beforeStages":[{"name":"loginAndGetCookie","time":{"start":1733675581204,"stop":1733675611402,"duration":30198},"description":"","status":"broken","statusMessage":"org.cvs.tests.BranchTest$$Lambda/0x00007f8f606a4c18 expected <true> but was <false> within 30 seconds.","statusTrace":"org.awaitility.core.ConditionTimeoutException: org.cvs.tests.BranchTest$$Lambda/0x00007f8f606a4c18 expected <true> but was <false> within 30 seconds.\n\tat org.awaitility.core.ConditionAwaiter.await(ConditionAwaiter.java:167)\n\tat org.awaitility.core.AbstractHamcrestCondition.await(AbstractHamcrestCondition.java:86)\n\tat org.awaitility.core.ConditionFactory.until(ConditionFactory.java:985)\n\tat org.awaitility.core.ConditionFactory.until(ConditionFactory.java:691)\n\tat org.cvs.utilities.PollerUtility.waiter(PollerUtility.java:19)\n\tat org.cvs.tests.BranchTest.loginAndGetCookie(BranchTest.java:27)\n\tat java.base/jdk.internal.reflect.DirectMethodHandleAccessor.invoke(DirectMethodHandleAccessor.java:103)\n\tat java.base/java.lang.reflect.Method.invoke(Method.java:580)\n\tat org.testng.internal.invokers.MethodInvocationHelper.invokeMethod(MethodInvocationHelper.java:141)\n\tat org.testng.internal.invokers.MethodInvocationHelper.invokeMethodConsideringTimeout(MethodInvocationHelper.java:71)\n\tat org.testng.internal.invokers.ConfigInvoker.invokeConfigurationMethod(ConfigInvoker.java:400)\n\tat org.testng.internal.invokers.ConfigInvoker.invokeConfigurations(ConfigInvoker.java:333)\n\tat org.testng.internal.invokers.TestInvoker.runConfigMethods(TestInvoker.java:833)\n\tat org.testng.internal.invokers.TestInvoker.invokeMethod(TestInvoker.java:600)\n\tat org.testng.internal.invokers.TestInvoker.invokeTestMethod(TestInvoker.java:230)\n\tat org.testng.internal.invokers.MethodRunner.runInSequence(MethodRunner.java:63)\n\tat org.testng.internal.invokers.TestInvoker$MethodInvocationAgent.invoke(TestInvoker.java:992)\n\tat org.testng.internal.invokers.TestInvoker.invokeTestMethods(TestInvoker.java:203)\n\tat org.testng.internal.invokers.TestMethodWorker.invokeTestMethods(TestMethodWorker.java:154)\n\tat org.testng.internal.invokers.TestMethodWorker.run(TestMethodWorker.java:134)\n\tat java.base/java.util.concurrent.Executors$RunnableAdapter.call(Executors.java:572)\n\tat java.base/java.util.concurrent.FutureTask.run(FutureTask.java:317)\n\tat org.testng.internal.thread.graph.TestNGFutureTask.run(TestNGFutureTask.java:22)\n\tat java.base/java.util.concurrent.ThreadPoolExecutor.runWorker(ThreadPoolExecutor.java:1144)\n\tat java.base/java.util.concurrent.ThreadPoolExecutor$Worker.run(ThreadPoolExecutor.java:642)\n\tat java.base/java.lang.Thread.run(Thread.java:1583)\n","steps":[],"attachments":[],"parameters":[],"shouldDisplayMessage":true,"stepsCount":0,"attachmentsCount":0,"hasContent":true,"attachmentStep":false}],"afterStages":[{"name":"tearDown","time":{"start":1733675611409,"stop":1733675611409,"duration":0},"description":"","status":"passed","steps":[],"attachments":[{"uid":"a63f51bdf5606dde","name":"screenshot","source":"a63f51bdf5606dde.txt","type":"image/png","size":4}],"parameters":[],"shouldDisplayMessage":false,"stepsCount":0,"attachmentsCount":1,"hasContent":true,"attachmentStep":false}],"labels":[{"name":"package","value":"org.cvs.tests.BranchTest"},{"name":"testClass","value":"org.cvs.tests.BranchTest"},{"name":"testMethod","value":"createBranchTest"},{"name":"parentSuite","value":"VCS TESTS"},{"name":"suite","value":"UI POSITIVE"},{"name":"subSuite","value":"org.cvs.tests.BranchTest"},{"name":"host","value":"fv-az2026-515"},{"name":"thread","value":"2341@fv-az2026-515.TestNG-test-UI POSITIVE-1(30)"},{"name":"framework","value":"testng"},{"name":"language","value":"java"},{"name":"epic","value":"VCS UI TESTS"},{"name":"feature","value":"BRANCH FEATURES"},{"name":"resultFormat","value":"allure2"}],"parameters":[],"links":[],"hidden":false,"retry":false,"extra":{"severity":"normal","retries":[],"categories":[],"history":{"statistic":{"failed":0,"broken":0,"skipped":2,"passed":0,"unknown":0,"total":2},"items":[{"uid":"5751a03f487fb5e1","reportUrl":"https://khadasevich.github.io/control-version-automation/13//#testresult/5751a03f487fb5e1","status":"skipped","statusDetails":"org.cvs.tests.BranchTest$$Lambda/0x00007fe26c6a50c0 expected <true> but was <false> within 30 seconds.","time":{"start":1733674210745,"stop":1733674210745,"duration":0}}]},"tags":[]},"source":"79e8be55ffaac957.json","parameterValues":[]}